<?xml version="1.0" encoding="UTF-8"?>
<!-- Generated by org.testng.reporters.JUnitXMLReporter -->
<testsuite ignored="3" hostname="DESKTOP-4LTNLGB" failures="0" tests="1" name="Test2" time="23.151" errors="0" timestamp="2025-07-25T15:22:42 IST">
  <testcase classname="com.vtiger.testngwithbaseclass.CreateOrgWithBaseClassTest" name="createOrgWithPhoneTest" time="17.178"/>
  <testcase classname="com.vtiger.baseclass.VTigerBaseClass" name="launchBrowser" time="0.0">
    <ignored/>
  </testcase> <!-- launchBrowser -->
  <testcase classname="com.vtiger.testngwithbaseclass.CreateOrgWithBaseClassTest" name="deleteOrgTest" time="0.0">
    <ignored/>
  </testcase> <!-- deleteOrgTest -->
  <testcase classname="com.vtiger.testngwithbaseclass.CreateOrgWithBaseClassTest" name="createOrgTest" time="0.0">
    <ignored/>
  </testcase> <!-- createOrgTest -->
</testsuite> <!-- Test2 -->
